<?xml version="1.0" encoding="UTF-8"?>
<!-- Generated by org.testng.reporters.JUnitXMLReporter -->
<testsuite ignored="0" hostname="DESKTOP-572KIE7" failures="0" tests="6" name="Surefire test" time="47.076" errors="0" timestamp="2022-11-05T14:08:33 EET">
  <testcase classname="com.Qacat.todo.TestCases.LoginTest" name="ShouldBeAbleToLoginWithEmailAndPassword" time="15.07"/>
  <testcase classname="com.Qacat.todo.TestCases.TodoTest" name="ShouldBeAbleToAddAnewTodo" time="19.794"/>
  <testcase classname="com.Qacat.todo.TestCases.TodoTest" name="ShouldBeAbleToDeleteTodo" time="20.078"/>
  <testcase classname="com.Qacat.todo.TestCases.TodoTest" name="ShouldBeAbleToCreateAnewTodoFromNewTodoPageUsingApiRequest" time="29.788"/>
  <testcase classname="com.Qacat.todo.TestCases.TodoTest" name="ShouldBeAbleToDeleteTaskUsingApiRequest" time="30.666"/>
  <testcase classname="com.Qacat.todo.TestCases.TodoTest" name="ShouldBeAbleToAddAnewTodoUsingApiRequest" time="31.082"/>
</testsuite> <!-- Surefire test -->
