<?xml version="1.0" encoding="UTF-8"?>
<testsuite xmlns:xsi="http://www.w3.org/2001/XMLSchema-instance" xsi:noNamespaceSchemaLocation="https://maven.apache.org/surefire/maven-surefire-plugin/xsd/surefire-test-report-3.0.xsd" version="3.0" name="TestSuite" time="51.871" tests="6" errors="0" skipped="0" failures="0">
  <properties>
[...]
</properties>
  <testcase name="ShouldBeAbleToLoginWithEmailAndPassword" classname="com.Qacat.todo.TestCases.LoginTest" time="15.023">
    <system-err><![CDATA[SLF4J: Failed to load class "org.slf4j.impl.StaticLoggerBinder".
SLF4J: Defaulting to no-operation (NOP) logger implementation
SLF4J: See http://www.slf4j.org/codes.html#StaticLoggerBinder for further details.
Starting ChromeDriver 107.0.5304.62 (1eec40d3a5764881c92085aaee66d25075c159aa-refs/branch-heads/5304@{#942}) on port 3261
Only local connections are allowed.
Please see https://chromedriver.chromium.org/security-considerations for suggestions on keeping ChromeDriver safe.
Starting ChromeDriver 107.0.5304.62 (1eec40d3a5764881c920S8t5aaaretei6n6gd 2C5h0r7o5mce1D5r9iaav-err e1f0s7/.b0r.a5n3c0h4-.h6e2a d(s1/e5e3c044@0{d#39a4527}6)4 8o8n1 c9p2o0r8t5 a4a2e0e7636d
2O5n0l7y5 cl1o5c9aala -croefnsn/ebcrtainochn-hse aadrse/ 5a3l0l4o@w{e#d9.42
}P)l eoans ep osret e1 6h0t8tp
sO:n/l/yc hlroocmaeld rciovnenre.ccthiroonmsi uamr.eo ragl/lsoewceudr.it
Pyl-ecaosnes isdeee rhatttpis:o/n/sc hrfoomerd rsiuvgegres.tcihornosm iounm .koeregp/isnegc uCrhirtoym-ecDornisviedre rsaatfei.on
s for suggestions on keeping ChromeDriver safe.
Starting ChromeDriver 107.0.5304.62 (1eec40d3a5764881c92085aaee66d25075c159aa-refs/branch-heads/5304@{#942}) on port 46264
Only local connections are allowed.
Please see https://chromedriver.chromium.org/security-considerations for suggestions on keeping ChromeDriver safe.
Starting ChromeDriver 107.0.5304.62 (1eec40d3a5764881c92085aaee66d25075c159aa-refs/branch-heads/5304@{#942}) on port 3612
Only local connections are allowed.
Please see https://chromedriver.chromium.org/security-considerations for suggestions on keeping ChromeDriver safe.
Starting ChromeDriver 107.0.5304.62 (1eec40d3a5764881c92085aaee66d25075c159aa-refs/branch-heads/5304@{#942}) on port 32545
Only local connections are allowed.
Please see https://chromedriver.chromium.org/security-considerations for suggestions on keeping ChromeDriver safe.
ChromeDriver was started successfully.
ChromeDriver was started successfully.
ChromeDriver was started successfully.
ChromeDriver was started successfully.
ChromeDriver was started successfully.
ChromeDriver was started successfully.
Nov 05, 2022 2:08:01 PM org.openqa.selenium.devtools.CdpVersionFinder findNearestMatch
WARNING: Unable to find an exact match for CDP version 107, so returning the closest version found: 106
Nov 05, 2022 2:08:01 PM org.openqa.selenium.devtools.CdpVersionFinder findNearestMatch
WARNING: Unable to find an exact match for CDP version 107, so returning the closest version found: 106
Nov 05, 2022 2:08:01 PM org.openqa.selenium.devtools.CdpVersionFinder findNearestMatch
WARNING: Unable to find an exact match for CDP version 107, so returning the closest version found: 106
Nov 05, 2022 2:08:01 PM org.openqa.selenium.devtools.CdpVersionFinder findNearestMatch
WARNING: Unable to find an exact match for CDP version 107, so returning the closest version found: 106
Nov 05, 2022 2:08:01 PM org.openqa.selenium.devtools.CdpVersionFinder findNearestMatch
WARNING: Unable to find an exact match for CDP version 107, so returning the closest version found: 106
Nov 05, 2022 2:08:01 PM org.openqa.selenium.devtools.CdpVersionFinder findNearestMatch
WARNING: Unable to find an exact match for CDP version 107, so returning the closest version found: 106
]]></system-err>
  </testcase>
  <testcase name="ShouldBeAbleToAddAnewTodo" classname="com.Qacat.todo.TestCases.TodoTest" time="19.797">
    <system-out><![CDATA[Request method:	POST
Request URI:	https://qacart-todo.herokuapp.com/api/v1/users/register
Proxy:			<none>
Request params:	<none>
Query params:	<none>
Form params:	<none>
Path params:	<none>
Headers:		Accept=*/*
				Content-Type=application/json
Cookies:		<none>
Multiparts:		<none>
Body:
{
    "email": "arlene.gleichner@yahoo.com",
    "password": "hsvb4wz1dxxfuw",
    "lastName": "Legros",
    "firstName": "Shawn"
}
Request method:	POST
Request URI:	https://qacart-todo.herokuapp.com/api/v1/users/register
Proxy:			<none>
Request params:	<none>
Query params:	<none>
Form params:	<none>
Path params:	<none>
Headers:		Accept=*/*
				Content-Type=application/json
Cookies:		<none>
Multiparts:		<none>
Body:
{
    "email": "jc.fay@gmail.com",
    "password": "nhun8dfp68",
    "lastName": "Monahan",
    "firstName": "Alita"
}
Request method:	POST
Request URI:	https://qacart-todo.herokuapp.com/api/v1/users/register
Proxy:			<none>
Request params:	<none>
Query params:	<none>
Form params:	<none>
Path params:	<none>
Headers:		Accept=*/*
				Content-Type=application/json
Cookies:		<none>
Multiparts:		<none>
Body:
{
    "email": "starla.hills@hotmail.com",
    "password": "df0429qq",
    "lastName": "Lindgren",
    "firstName": "Ruthann"
}
]]></system-out>
  </testcase>
  <testcase name="ShouldBeAbleToDeleteTodo" classname="com.Qacat.todo.TestCases.TodoTest" time="19.994"/>
  <testcase name="ShouldBeAbleToCreateAnewTodoFromNewTodoPageUsingApiRequest" classname="com.Qacat.todo.TestCases.TodoTest" time="29.765">
    <system-out><![CDATA[HTTP/1.1 201 Created
Server: Cowboy
Connection: keep-alive
X-Powered-By: Express
Access-Control-Allow-Origin: *
Set-Cookie: access_token=eyJhbGciOiJIUzI1NiIsInR5cCI6IkpXVCJ9.eyJpZCI6IjYzNjY1MjM2ZDRjMzBiMDAxNmEzYTEzYyIsImZpcnN0TmFtZSI6IlJ1dGhhbm4iLCJsYXN0TmFtZSI6IkxpbmRncmVuIiwiaWF0IjoxNjY3NjUwMTAyfQ.V6C66lEa4uEXau1iBY30dPyBX0YU7cCvaPThxpcvnR8; Path=/
Set-Cookie: userID=j%3A%2263665236d4c30b0016a3a13c%22; Path=/
Set-Cookie: firstName=Ruthann; Path=/
Content-Type: application/json; charset=utf-8
Content-Length: 284
Etag: W/"11c-mPNOT2PoawqM4FzDBjTYgAt+XmM"
Date: Sat, 05 Nov 2022 12:08:22 GMT
Via: 1.1 vegur

{
    "access_token": "eyJhbGciOiJIUzI1NiIsInR5cCI6IkpXVCJ9.eyJpZCI6IjYzNjY1MjM2ZDRjMzBiMDAxNmEzYTEzYyIsImZpcnN0TmFtZSI6IlJ1dGhhbm4iLCJsYXN0TmFtZSI6IkxpbmRncmVuIiwiaWF0IjoxNjY3NjUwMTAyfQ.V6C66lEa4uEXau1iBY30dPyBX0YU7cCvaPThxpcvnR8",
    "userID": "63665236d4c30b0016a3a13c",
    "firstName": "Ruthann"
}
HTTP/1.1 201 Created
Server: Cowboy
Connection: keep-alive
X-Powered-By: Express
Access-Control-Allow-Origin: *
Set-Cookie: access_token=eyJhbGciOiJIUzI1NiIsInR5cCI6IkpXVCJ9.eyJpZCI6IjYzNjY1MjM2ZDRjMzBiMDAxNmEzYTEzZSIsImZpcnN0TmFtZSI6IkFsaXRhIiwibGFzdE5hbWUiOiJNb25haGFuIiwiaWF0IjoxNjY3NjUwMTAyfQ.WaEDN1AO-oiUKeJ8tUpupYssPDv0TulOYkaUx3HKGNw; Path=/
Set-Cookie: userID=j%3A%2263665236d4c30b0016a3a13e%22; Path=/
Set-Cookie: firstName=Alita; Path=/
Content-Type: application/json; charset=utf-8
Content-Length: 278
Etag: W/"116-e+u+I51z0O/Luql23WyxR1DY86k"
Date: Sat, 05 Nov 2022 12:08:22 GMT
Via: 1.1 vegur

{
    "access_token": "eyJhbGciOiJIUzI1NiIsInR5cCI6IkpXVCJ9.eyJpZCI6IjYzNjY1MjM2ZDRjMzBiMDAxNmEzYTEzZSIsImZpcnN0TmFtZSI6IkFsaXRhIiwibGFzdE5hbWUiOiJNb25haGFuIiwiaWF0IjoxNjY3NjUwMTAyfQ.WaEDN1AO-oiUKeJ8tUpupYssPDv0TulOYkaUx3HKGNw",
    "userID": "63665236d4c30b0016a3a13e",
    "firstName": "Alita"
}
HTTP/1.1 201 Created
Server: Cowboy
Connection: keep-alive
X-Powered-By: Express
Access-Control-Allow-Origin: *
Set-Cookie: access_token=eyJhbGciOiJIUzI1NiIsInR5cCI6IkpXVCJ9.eyJpZCI6IjYzNjY1MjM2ZDRjMzBiMDAxNmEzYTEzYSIsImZpcnN0TmFtZSI6IlNoYXduIiwibGFzdE5hbWUiOiJMZWdyb3MiLCJpYXQiOjE2Njc2NTAxMDJ9.2mHhKpryJN5otkpKl6xHGYRqXoWoCe9mRtREwJtFRkQ; Path=/
Set-Cookie: userID=j%3A%2263665236d4c30b0016a3a13a%22; Path=/
Set-Cookie: firstName=Shawn; Path=/
Content-Type: application/json; charset=utf-8
Content-Length: 276
Etag: W/"114-aukueYxk5XhDS9Q6JTiY3Rw7d3w"
Date: Sat, 05 Nov 2022 12:08:22 GMT
Via: 1.1 vegur

{
    "access_token": "eyJhbGciOiJIUzI1NiIsInR5cCI6IkpXVCJ9.eyJpZCI6IjYzNjY1MjM2ZDRjMzBiMDAxNmEzYTEzYSIsImZpcnN0TmFtZSI6IlNoYXduIiwibGFzdE5hbWUiOiJMZWdyb3MiLCJpYXQiOjE2Njc2NTAxMDJ9.2mHhKpryJN5otkpKl6xHGYRqXoWoCe9mRtREwJtFRkQ",
    "userID": "63665236d4c30b0016a3a13a",
    "firstName": "Shawn"
}
HTTP/1.1 201 Created
Server: Cowboy
Connection: keep-alive
X-Powered-By: Express
Access-Control-Allow-Origin: *
Content-Type: application/json; charset=utf-8
Content-Length: 164
Etag: W/"a4-Ne+NCoWl73RxrSzpIGnLGkyitMc"
Date: Sat, 05 Nov 2022 12:08:27 GMT
Via: 1.1 vegur

{
    "isCompleted": false,
    "_id": "6366523bd4c30b0016a3a140",
    "item": "learning selenium",
    "userID": "63665236d4c30b0016a3a13e",
    "createdAt": "2022-11-05T12:08:27.838Z",
    "__v": 0
}
]]></system-out>
  </testcase>
  <testcase name="ShouldBeAbleToDeleteTaskUsingApiRequest" classname="com.Qacat.todo.TestCases.TodoTest" time="30.588"/>
  <testcase name="ShouldBeAbleToAddAnewTodoUsingApiRequest" classname="com.Qacat.todo.TestCases.TodoTest" time="31.007"/>
</testsuite>